0 info it worked if it ends with ok
1 verbose cli [ 'C:\\Program Files\\nodejs\\node.exe',
1 verbose cli   'C:\\Program Files\\nodejs\\node_modules\\npm\\bin\\npm-cli.js',
1 verbose cli   'run',
1 verbose cli   'dev' ]
2 info using npm@3.10.9
3 info using node@v7.2.0
4 verbose run-script [ 'predev', 'dev', 'postdev' ]
5 info lifecycle starter-code@1.0.0~predev: starter-code@1.0.0
6 silly lifecycle starter-code@1.0.0~predev: no script for predev, continuing
7 info lifecycle starter-code@1.0.0~dev: starter-code@1.0.0
8 verbose lifecycle starter-code@1.0.0~dev: unsafe-perm in lifecycle true
9 verbose lifecycle starter-code@1.0.0~dev: PATH: C:\Users\Usuario\AppData\Roaming\nvm\v7.2.0\node_modules\npm\bin\node-gyp-bin;C:\Users\Usuario\Desktop\IronHack\Labs\lab-express-basic-site\starter-code\node_modules\.bin;C:\Program Files\Git\mingw64\bin;C:\Program Files\Git\usr\bin;C:\Users\Usuario\bin;C:\WINDOWS\system32;C:\WINDOWS;C:\WINDOWS\System32\Wbem;C:\WINDOWS\System32\WindowsPowerShell\v1.0;C:\WINDOWS\System32\OpenSSH;C:\Program Files\Intel\WiFi\bin;C:\Program Files\Common Files\Intel\WirelessCommon;C:\Program Files\Git\cmd;C:\Users\Usuario\AppData\Roaming\nvm;C:\Program Files\nodejs;C:\WINDOWS\system32;C:\WINDOWS;C:\WINDOWS\System32\Wbem;C:\WINDOWS\System32\WindowsPowerShell\v1.0;C:\WINDOWS\System32\OpenSSH;C:\Program Files\Intel\WiFi\bin;C:\Program Files\Common Files\Intel\WirelessCommon;C:\Program Files\Git\cmd;C:\Users\Usuario\AppData\Roaming\nvm;C:\Program Files\nodejs;C:\Program Files\MongoDB\Server\4.0\bin;C:\Users\Usuario\AppData\Roaming\nvm;C:\Program Files\nodejs
10 verbose lifecycle starter-code@1.0.0~dev: CWD: C:\Users\Usuario\Desktop\IronHack\Labs\lab-express-basic-site\starter-code
11 silly lifecycle starter-code@1.0.0~dev: Args: [ '/d /s /c', 'nodemon ./app.js -e js, hbs' ]
12 silly lifecycle starter-code@1.0.0~dev: Returned: code: 3221225786  signal: null
13 info lifecycle starter-code@1.0.0~dev: Failed to exec dev script
14 verbose stack Error: starter-code@1.0.0 dev: `nodemon ./app.js -e js, hbs`
14 verbose stack Exit status 3221225786
14 verbose stack     at EventEmitter.<anonymous> (C:\Users\Usuario\AppData\Roaming\nvm\v7.2.0\node_modules\npm\lib\utils\lifecycle.js:255:16)
14 verbose stack     at emitTwo (events.js:106:13)
14 verbose stack     at EventEmitter.emit (events.js:191:7)
14 verbose stack     at ChildProcess.<anonymous> (C:\Users\Usuario\AppData\Roaming\nvm\v7.2.0\node_modules\npm\lib\utils\spawn.js:40:14)
14 verbose stack     at emitTwo (events.js:106:13)
14 verbose stack     at ChildProcess.emit (events.js:191:7)
14 verbose stack     at maybeClose (internal/child_process.js:885:16)
14 verbose stack     at Process.ChildProcess._handle.onexit (internal/child_process.js:226:5)
15 verbose pkgid starter-code@1.0.0
16 verbose cwd C:\Users\Usuario\Desktop\IronHack\Labs\lab-express-basic-site\starter-code
17 error Windows_NT 10.0.17134
18 error argv "C:\\Program Files\\nodejs\\node.exe" "C:\\Program Files\\nodejs\\node_modules\\npm\\bin\\npm-cli.js" "run" "dev"
19 error node v7.2.0
20 error npm  v3.10.9
21 error code ELIFECYCLE
22 error starter-code@1.0.0 dev: `nodemon ./app.js -e js, hbs`
22 error Exit status 3221225786
23 error Failed at the starter-code@1.0.0 dev script 'nodemon ./app.js -e js, hbs'.
23 error Make sure you have the latest version of node.js and npm installed.
23 error If you do, this is most likely a problem with the starter-code package,
23 error not with npm itself.
23 error Tell the author that this fails on your system:
23 error     nodemon ./app.js -e js, hbs
23 error You can get information on how to open an issue for this project with:
23 error     npm bugs starter-code
23 error Or if that isn't available, you can get their info via:
23 error     npm owner ls starter-code
23 error There is likely additional logging output above.
24 verbose exit [ 1, true ]
